This file contains any messages produced by compilers while
running configure, to aid debugging if configure makes a mistake.

It was created by configure, which was
generated by GNU Autoconf 2.59.  Invocation command line was

  $ ./configure --no-create --no-recursion

## --------- ##
## Platform. ##
## --------- ##

hostname = ares
uname -m = i686
uname -r = 2.6.15.1
uname -s = Linux
uname -v = #4 Mon Jan 16 09:56:15 CET 2006

/usr/bin/uname -p = unknown
/bin/uname -X     = unknown

/bin/arch              = i686
/usr/bin/arch -k       = unknown
/usr/convex/getsysinfo = unknown
hostinfo               = unknown
/bin/machine           = unknown
/usr/bin/oslevel       = unknown
/bin/universe          = unknown

PATH: /usr/local/bin
PATH: /usr/bin
PATH: /bin
PATH: /usr/X11R6/bin
PATH: /usr/games
PATH: /usr/lib/ant/bin
PATH: /usr/lib/java/bin
PATH: /usr/lib/java/jre/bin
PATH: /usr/lib/java/bin
PATH: /usr/lib/java/jre/bin
PATH: /usr/lib/qt/bin
PATH: /usr/share/texmf/bin
PATH: .
PATH: /opt/firefox
PATH: /usr/share/texmf/bin
PATH: /opt/xerces/bin
PATH: /opt/axis/bin
PATH: /home/io/bin


## ----------- ##
## Core tests. ##
## ----------- ##

configure:1351: checking for a BSD-compatible install
configure:1406: result: /usr/bin/ginstall -c
configure:1417: checking whether build environment is sane
configure:1460: result: yes
configure:1525: checking for gawk
configure:1541: found /usr/bin/gawk
configure:1551: result: gawk
configure:1561: checking whether make sets $(MAKE)
configure:1581: result: yes
configure:1764: checking build system type
configure:1782: result: i686-pc-linux-gnu
configure:1790: checking host system type
configure:1804: result: i686-pc-linux-gnu
configure:1826: checking for a BSD-compatible install
configure:1881: result: /usr/bin/ginstall -c
configure:1938: checking for gcc
configure:1954: found /usr/bin/gcc
configure:1964: result: gcc
configure:2208: checking for C compiler version
configure:2211: gcc --version </dev/null >&5
gcc (GCC) 3.4.5
Copyright (C) 2004 Free Software Foundation, Inc.
This is free software; see the source for copying conditions.  There is NO
warranty; not even for MERCHANTABILITY or FITNESS FOR A PARTICULAR PURPOSE.

configure:2214: $? = 0
configure:2216: gcc -v </dev/null >&5
Reading specs from /usr/lib/gcc/i486-slackware-linux/3.4.5/specs
Configured with: ../gcc-3.4.5/configure --prefix=/usr --enable-shared --enable-threads=posix --enable-__cxa_atexit --disable-checking --with-gnu-ld --verbose --target=i486-slackware-linux --host=i486-slackware-linux
Thread model: posix
gcc version 3.4.5
configure:2219: $? = 0
configure:2221: gcc -V </dev/null >&5
gcc: `-V' option must have argument
configure:2224: $? = 1
configure:2247: checking for C compiler default output file name
configure:2250: gcc    conftest.c  >&5
configure:2253: $? = 0
configure:2299: result: a.out
configure:2304: checking whether the C compiler works
configure:2310: ./a.out
configure:2313: $? = 0
configure:2330: result: yes
configure:2337: checking whether we are cross compiling
configure:2339: result: no
configure:2342: checking for suffix of executables
configure:2344: gcc -o conftest    conftest.c  >&5
configure:2347: $? = 0
configure:2372: result: 
configure:2378: checking for suffix of object files
configure:2399: gcc -c   conftest.c >&5
configure:2402: $? = 0
configure:2424: result: o
configure:2428: checking whether we are using the GNU C compiler
configure:2452: gcc -c   conftest.c >&5
configure:2458: $? = 0
configure:2462: test -z 
			 || test ! -s conftest.err
configure:2465: $? = 0
configure:2468: test -s conftest.o
configure:2471: $? = 0
configure:2484: result: yes
configure:2490: checking whether gcc accepts -g
configure:2511: gcc -c -g  conftest.c >&5
configure:2517: $? = 0
configure:2521: test -z 
			 || test ! -s conftest.err
configure:2524: $? = 0
configure:2527: test -s conftest.o
configure:2530: $? = 0
configure:2541: result: yes
configure:2558: checking for gcc option to accept ANSI C
configure:2628: gcc  -c -g -O2  conftest.c >&5
configure:2634: $? = 0
configure:2638: test -z 
			 || test ! -s conftest.err
configure:2641: $? = 0
configure:2644: test -s conftest.o
configure:2647: $? = 0
configure:2665: result: none needed
configure:2683: gcc -c -g -O2  conftest.c >&5
conftest.c:2: error: syntax error before "me"
configure:2689: $? = 1
configure: failed program was:
| #ifndef __cplusplus
|   choke me
| #endif
configure:2833: checking for style of include used by make
configure:2861: result: GNU
configure:2889: checking dependency style of gcc
configure:2979: result: gcc3
configure:3048: checking for g++
configure:3064: found /usr/bin/g++
configure:3074: result: g++
configure:3090: checking for C++ compiler version
configure:3093: g++ --version </dev/null >&5
g++ (GCC) 3.4.5
Copyright (C) 2004 Free Software Foundation, Inc.
This is free software; see the source for copying conditions.  There is NO
warranty; not even for MERCHANTABILITY or FITNESS FOR A PARTICULAR PURPOSE.

configure:3096: $? = 0
configure:3098: g++ -v </dev/null >&5
Reading specs from /usr/lib/gcc/i486-slackware-linux/3.4.5/specs
Configured with: ../gcc-3.4.5/configure --prefix=/usr --enable-shared --enable-threads=posix --enable-__cxa_atexit --disable-checking --with-gnu-ld --verbose --target=i486-slackware-linux --host=i486-slackware-linux
Thread model: posix
gcc version 3.4.5
configure:3101: $? = 0
configure:3103: g++ -V </dev/null >&5
g++: `-V' option must have argument
configure:3106: $? = 1
configure:3109: checking whether we are using the GNU C++ compiler
configure:3133: g++ -c   conftest.cc >&5
configure:3139: $? = 0
configure:3143: test -z 
			 || test ! -s conftest.err
configure:3146: $? = 0
configure:3149: test -s conftest.o
configure:3152: $? = 0
configure:3165: result: yes
configure:3171: checking whether g++ accepts -g
configure:3192: g++ -c -g  conftest.cc >&5
configure:3198: $? = 0
configure:3202: test -z 
			 || test ! -s conftest.err
configure:3205: $? = 0
configure:3208: test -s conftest.o
configure:3211: $? = 0
configure:3222: result: yes
configure:3264: g++ -c -g -O2  conftest.cc >&5
configure:3270: $? = 0
configure:3274: test -z 
			 || test ! -s conftest.err
configure:3277: $? = 0
configure:3280: test -s conftest.o
configure:3283: $? = 0
configure:3309: g++ -c -g -O2  conftest.cc >&5
conftest.cc: In function `int main()':
conftest.cc:15: error: `exit' was not declared in this scope
configure:3315: $? = 1
configure: failed program was:
| /* confdefs.h.  */
| 
| #define PACKAGE_NAME ""
| #define PACKAGE_TARNAME ""
| #define PACKAGE_VERSION ""
| #define PACKAGE_STRING ""
| #define PACKAGE_BUGREPORT ""
| #define PACKAGE "mapper"
| #define VERSION "0.0.1"
| /* end confdefs.h.  */
| 
| int
| main ()
| {
| exit (42);
|   ;
|   return 0;
| }
configure:3264: g++ -c -g -O2  conftest.cc >&5
configure:3270: $? = 0
configure:3274: test -z 
			 || test ! -s conftest.err
configure:3277: $? = 0
configure:3280: test -s conftest.o
configure:3283: $? = 0
configure:3309: g++ -c -g -O2  conftest.cc >&5
configure:3315: $? = 0
configure:3319: test -z 
			 || test ! -s conftest.err
configure:3322: $? = 0
configure:3325: test -s conftest.o
configure:3328: $? = 0
configure:3353: checking dependency style of g++
configure:3443: result: gcc3
configure:3468: checking how to run the C preprocessor
configure:3503: gcc -E  conftest.c
configure:3509: $? = 0
configure:3541: gcc -E  conftest.c
conftest.c:14:28: ac_nonexistent.h: No such file or directory
configure:3547: $? = 1
configure: failed program was:
| /* confdefs.h.  */
| 
| #define PACKAGE_NAME ""
| #define PACKAGE_TARNAME ""
| #define PACKAGE_VERSION ""
| #define PACKAGE_STRING ""
| #define PACKAGE_BUGREPORT ""
| #define PACKAGE "mapper"
| #define VERSION "0.0.1"
| #ifdef __cplusplus
| extern "C" void std::exit (int) throw (); using std::exit;
| #endif
| /* end confdefs.h.  */
| #include <ac_nonexistent.h>
configure:3586: result: gcc -E
configure:3610: gcc -E  conftest.c
configure:3616: $? = 0
configure:3648: gcc -E  conftest.c
conftest.c:14:28: ac_nonexistent.h: No such file or directory
configure:3654: $? = 1
configure: failed program was:
| /* confdefs.h.  */
| 
| #define PACKAGE_NAME ""
| #define PACKAGE_TARNAME ""
| #define PACKAGE_VERSION ""
| #define PACKAGE_STRING ""
| #define PACKAGE_BUGREPORT ""
| #define PACKAGE "mapper"
| #define VERSION "0.0.1"
| #ifdef __cplusplus
| extern "C" void std::exit (int) throw (); using std::exit;
| #endif
| /* end confdefs.h.  */
| #include <ac_nonexistent.h>
configure:3698: checking for egrep
configure:3708: result: grep -E
configure:3713: checking for ANSI C header files
configure:3738: gcc -c -g -O2  conftest.c >&5
configure:3744: $? = 0
configure:3748: test -z 
			 || test ! -s conftest.err
configure:3751: $? = 0
configure:3754: test -s conftest.o
configure:3757: $? = 0
configure:3846: gcc -o conftest -g -O2   conftest.c  >&5
configure:3849: $? = 0
configure:3851: ./conftest
configure:3854: $? = 0
configure:3869: result: yes
configure:3893: checking for sys/types.h
configure:3909: gcc -c -g -O2  conftest.c >&5
configure:3915: $? = 0
configure:3919: test -z 
			 || test ! -s conftest.err
configure:3922: $? = 0
configure:3925: test -s conftest.o
configure:3928: $? = 0
configure:3939: result: yes
configure:3893: checking for sys/stat.h
configure:3909: gcc -c -g -O2  conftest.c >&5
configure:3915: $? = 0
configure:3919: test -z 
			 || test ! -s conftest.err
configure:3922: $? = 0
configure:3925: test -s conftest.o
configure:3928: $? = 0
configure:3939: result: yes
configure:3893: checking for stdlib.h
configure:3909: gcc -c -g -O2  conftest.c >&5
configure:3915: $? = 0
configure:3919: test -z 
			 || test ! -s conftest.err
configure:3922: $? = 0
configure:3925: test -s conftest.o
configure:3928: $? = 0
configure:3939: result: yes
configure:3893: checking for string.h
configure:3909: gcc -c -g -O2  conftest.c >&5
configure:3915: $? = 0
configure:3919: test -z 
			 || test ! -s conftest.err
configure:3922: $? = 0
configure:3925: test -s conftest.o
configure:3928: $? = 0
configure:3939: result: yes
configure:3893: checking for memory.h
configure:3909: gcc -c -g -O2  conftest.c >&5
configure:3915: $? = 0
configure:3919: test -z 
			 || test ! -s conftest.err
configure:3922: $? = 0
configure:3925: test -s conftest.o
configure:3928: $? = 0
configure:3939: result: yes
configure:3893: checking for strings.h
configure:3909: gcc -c -g -O2  conftest.c >&5
configure:3915: $? = 0
configure:3919: test -z 
			 || test ! -s conftest.err
configure:3922: $? = 0
configure:3925: test -s conftest.o
configure:3928: $? = 0
configure:3939: result: yes
configure:3893: checking for inttypes.h
configure:3909: gcc -c -g -O2  conftest.c >&5
configure:3915: $? = 0
configure:3919: test -z 
			 || test ! -s conftest.err
configure:3922: $? = 0
configure:3925: test -s conftest.o
configure:3928: $? = 0
configure:3939: result: yes
configure:3893: checking for stdint.h
configure:3909: gcc -c -g -O2  conftest.c >&5
configure:3915: $? = 0
configure:3919: test -z 
			 || test ! -s conftest.err
configure:3922: $? = 0
configure:3925: test -s conftest.o
configure:3928: $? = 0
configure:3939: result: yes
configure:3893: checking for unistd.h
configure:3909: gcc -c -g -O2  conftest.c >&5
configure:3915: $? = 0
configure:3919: test -z 
			 || test ! -s conftest.err
configure:3922: $? = 0
configure:3925: test -s conftest.o
configure:3928: $? = 0
configure:3939: result: yes
configure:3969: checking for unistd.h
configure:3974: result: yes
configure:3978: checking sys/param.h usability
configure:3990: gcc -c -g -O2  conftest.c >&5
configure:3996: $? = 0
configure:4000: test -z 
			 || test ! -s conftest.err
configure:4003: $? = 0
configure:4006: test -s conftest.o
configure:4009: $? = 0
configure:4019: result: yes
configure:4023: checking sys/param.h presence
configure:4033: gcc -E  conftest.c
configure:4039: $? = 0
configure:4059: result: yes
configure:4094: checking for sys/param.h
configure:4101: result: yes
configure:3978: checking sys/time.h usability
configure:3990: gcc -c -g -O2  conftest.c >&5
configure:3996: $? = 0
configure:4000: test -z 
			 || test ! -s conftest.err
configure:4003: $? = 0
configure:4006: test -s conftest.o
configure:4009: $? = 0
configure:4019: result: yes
configure:4023: checking sys/time.h presence
configure:4033: gcc -E  conftest.c
configure:4039: $? = 0
configure:4059: result: yes
configure:4094: checking for sys/time.h
configure:4101: result: yes
configure:3978: checking time.h usability
configure:3990: gcc -c -g -O2  conftest.c >&5
configure:3996: $? = 0
configure:4000: test -z 
			 || test ! -s conftest.err
configure:4003: $? = 0
configure:4006: test -s conftest.o
configure:4009: $? = 0
configure:4019: result: yes
configure:4023: checking time.h presence
configure:4033: gcc -E  conftest.c
configure:4039: $? = 0
configure:4059: result: yes
configure:4094: checking for time.h
configure:4101: result: yes
configure:3978: checking sys/mkdev.h usability
configure:3990: gcc -c -g -O2  conftest.c >&5
conftest.c:62:23: sys/mkdev.h: No such file or directory
configure:3996: $? = 1
configure: failed program was:
| /* confdefs.h.  */
| 
| #define PACKAGE_NAME ""
| #define PACKAGE_TARNAME ""
| #define PACKAGE_VERSION ""
| #define PACKAGE_STRING ""
| #define PACKAGE_BUGREPORT ""
| #define PACKAGE "mapper"
| #define VERSION "0.0.1"
| #ifdef __cplusplus
| extern "C" void std::exit (int) throw (); using std::exit;
| #endif
| #define STDC_HEADERS 1
| #define HAVE_SYS_TYPES_H 1
| #define HAVE_SYS_STAT_H 1
| #define HAVE_STDLIB_H 1
| #define HAVE_STRING_H 1
| #define HAVE_MEMORY_H 1
| #define HAVE_STRINGS_H 1
| #define HAVE_INTTYPES_H 1
| #define HAVE_STDINT_H 1
| #define HAVE_UNISTD_H 1
| #define HAVE_UNISTD_H 1
| #define HAVE_SYS_PARAM_H 1
| #define HAVE_SYS_TIME_H 1
| #define HAVE_TIME_H 1
| /* end confdefs.h.  */
| #include <stdio.h>
| #if HAVE_SYS_TYPES_H
| # include <sys/types.h>
| #endif
| #if HAVE_SYS_STAT_H
| # include <sys/stat.h>
| #endif
| #if STDC_HEADERS
| # include <stdlib.h>
| # include <stddef.h>
| #else
| # if HAVE_STDLIB_H
| #  include <stdlib.h>
| # endif
| #endif
| #if HAVE_STRING_H
| # if !STDC_HEADERS && HAVE_MEMORY_H
| #  include <memory.h>
| # endif
| # include <string.h>
| #endif
| #if HAVE_STRINGS_H
| # include <strings.h>
| #endif
| #if HAVE_INTTYPES_H
| # include <inttypes.h>
| #else
| # if HAVE_STDINT_H
| #  include <stdint.h>
| # endif
| #endif
| #if HAVE_UNISTD_H
| # include <unistd.h>
| #endif
| #include <sys/mkdev.h>
configure:4019: result: no
configure:4023: checking sys/mkdev.h presence
configure:4033: gcc -E  conftest.c
conftest.c:28:23: sys/mkdev.h: No such file or directory
configure:4039: $? = 1
configure: failed program was:
| /* confdefs.h.  */
| 
| #define PACKAGE_NAME ""
| #define PACKAGE_TARNAME ""
| #define PACKAGE_VERSION ""
| #define PACKAGE_STRING ""
| #define PACKAGE_BUGREPORT ""
| #define PACKAGE "mapper"
| #define VERSION "0.0.1"
| #ifdef __cplusplus
| extern "C" void std::exit (int) throw (); using std::exit;
| #endif
| #define STDC_HEADERS 1
| #define HAVE_SYS_TYPES_H 1
| #define HAVE_SYS_STAT_H 1
| #define HAVE_STDLIB_H 1
| #define HAVE_STRING_H 1
| #define HAVE_MEMORY_H 1
| #define HAVE_STRINGS_H 1
| #define HAVE_INTTYPES_H 1
| #define HAVE_STDINT_H 1
| #define HAVE_UNISTD_H 1
| #define HAVE_UNISTD_H 1
| #define HAVE_SYS_PARAM_H 1
| #define HAVE_SYS_TIME_H 1
| #define HAVE_TIME_H 1
| /* end confdefs.h.  */
| #include <sys/mkdev.h>
configure:4059: result: no
configure:4094: checking for sys/mkdev.h
configure:4101: result: no
configure:3978: checking sys/sysmacros.h usability
configure:3990: gcc -c -g -O2  conftest.c >&5
configure:3996: $? = 0
configure:4000: test -z 
			 || test ! -s conftest.err
configure:4003: $? = 0
configure:4006: test -s conftest.o
configure:4009: $? = 0
configure:4019: result: yes
configure:4023: checking sys/sysmacros.h presence
configure:4033: gcc -E  conftest.c
configure:4039: $? = 0
configure:4059: result: yes
configure:4094: checking for sys/sysmacros.h
configure:4101: result: yes
configure:3969: checking for string.h
configure:3974: result: yes
configure:3969: checking for memory.h
configure:3974: result: yes
configure:3978: checking fcntl.h usability
configure:3990: gcc -c -g -O2  conftest.c >&5
configure:3996: $? = 0
configure:4000: test -z 
			 || test ! -s conftest.err
configure:4003: $? = 0
configure:4006: test -s conftest.o
configure:4009: $? = 0
configure:4019: result: yes
configure:4023: checking fcntl.h presence
configure:4033: gcc -E  conftest.c
configure:4039: $? = 0
configure:4059: result: yes
configure:4094: checking for fcntl.h
configure:4101: result: yes
configure:3978: checking dirent.h usability
configure:3990: gcc -c -g -O2  conftest.c >&5
configure:3996: $? = 0
configure:4000: test -z 
			 || test ! -s conftest.err
configure:4003: $? = 0
configure:4006: test -s conftest.o
configure:4009: $? = 0
configure:4019: result: yes
configure:4023: checking dirent.h presence
configure:4033: gcc -E  conftest.c
configure:4039: $? = 0
configure:4059: result: yes
configure:4094: checking for dirent.h
configure:4101: result: yes
configure:3978: checking sys/ndir.h usability
configure:3990: gcc -c -g -O2  conftest.c >&5
conftest.c:67:22: sys/ndir.h: No such file or directory
configure:3996: $? = 1
configure: failed program was:
| /* confdefs.h.  */
| 
| #define PACKAGE_NAME ""
| #define PACKAGE_TARNAME ""
| #define PACKAGE_VERSION ""
| #define PACKAGE_STRING ""
| #define PACKAGE_BUGREPORT ""
| #define PACKAGE "mapper"
| #define VERSION "0.0.1"
| #ifdef __cplusplus
| extern "C" void std::exit (int) throw (); using std::exit;
| #endif
| #define STDC_HEADERS 1
| #define HAVE_SYS_TYPES_H 1
| #define HAVE_SYS_STAT_H 1
| #define HAVE_STDLIB_H 1
| #define HAVE_STRING_H 1
| #define HAVE_MEMORY_H 1
| #define HAVE_STRINGS_H 1
| #define HAVE_INTTYPES_H 1
| #define HAVE_STDINT_H 1
| #define HAVE_UNISTD_H 1
| #define HAVE_UNISTD_H 1
| #define HAVE_SYS_PARAM_H 1
| #define HAVE_SYS_TIME_H 1
| #define HAVE_TIME_H 1
| #define HAVE_SYS_SYSMACROS_H 1
| #define HAVE_STRING_H 1
| #define HAVE_MEMORY_H 1
| #define HAVE_FCNTL_H 1
| #define HAVE_DIRENT_H 1
| /* end confdefs.h.  */
| #include <stdio.h>
| #if HAVE_SYS_TYPES_H
| # include <sys/types.h>
| #endif
| #if HAVE_SYS_STAT_H
| # include <sys/stat.h>
| #endif
| #if STDC_HEADERS
| # include <stdlib.h>
| # include <stddef.h>
| #else
| # if HAVE_STDLIB_H
| #  include <stdlib.h>
| # endif
| #endif
| #if HAVE_STRING_H
| # if !STDC_HEADERS && HAVE_MEMORY_H
| #  include <memory.h>
| # endif
| # include <string.h>
| #endif
| #if HAVE_STRINGS_H
| # include <strings.h>
| #endif
| #if HAVE_INTTYPES_H
| # include <inttypes.h>
| #else
| # if HAVE_STDINT_H
| #  include <stdint.h>
| # endif
| #endif
| #if HAVE_UNISTD_H
| # include <unistd.h>
| #endif
| #include <sys/ndir.h>
configure:4019: result: no
configure:4023: checking sys/ndir.h presence
configure:4033: gcc -E  conftest.c
conftest.c:33:22: sys/ndir.h: No such file or directory
configure:4039: $? = 1
configure: failed program was:
| /* confdefs.h.  */
| 
| #define PACKAGE_NAME ""
| #define PACKAGE_TARNAME ""
| #define PACKAGE_VERSION ""
| #define PACKAGE_STRING ""
| #define PACKAGE_BUGREPORT ""
| #define PACKAGE "mapper"
| #define VERSION "0.0.1"
| #ifdef __cplusplus
| extern "C" void std::exit (int) throw (); using std::exit;
| #endif
| #define STDC_HEADERS 1
| #define HAVE_SYS_TYPES_H 1
| #define HAVE_SYS_STAT_H 1
| #define HAVE_STDLIB_H 1
| #define HAVE_STRING_H 1
| #define HAVE_MEMORY_H 1
| #define HAVE_STRINGS_H 1
| #define HAVE_INTTYPES_H 1
| #define HAVE_STDINT_H 1
| #define HAVE_UNISTD_H 1
| #define HAVE_UNISTD_H 1
| #define HAVE_SYS_PARAM_H 1
| #define HAVE_SYS_TIME_H 1
| #define HAVE_TIME_H 1
| #define HAVE_SYS_SYSMACROS_H 1
| #define HAVE_STRING_H 1
| #define HAVE_MEMORY_H 1
| #define HAVE_FCNTL_H 1
| #define HAVE_DIRENT_H 1
| /* end confdefs.h.  */
| #include <sys/ndir.h>
configure:4059: result: no
configure:4094: checking for sys/ndir.h
configure:4101: result: no
configure:3978: checking ndir.h usability
configure:3990: gcc -c -g -O2  conftest.c >&5
conftest.c:67:18: ndir.h: No such file or directory
configure:3996: $? = 1
configure: failed program was:
| /* confdefs.h.  */
| 
| #define PACKAGE_NAME ""
| #define PACKAGE_TARNAME ""
| #define PACKAGE_VERSION ""
| #define PACKAGE_STRING ""
| #define PACKAGE_BUGREPORT ""
| #define PACKAGE "mapper"
| #define VERSION "0.0.1"
| #ifdef __cplusplus
| extern "C" void std::exit (int) throw (); using std::exit;
| #endif
| #define STDC_HEADERS 1
| #define HAVE_SYS_TYPES_H 1
| #define HAVE_SYS_STAT_H 1
| #define HAVE_STDLIB_H 1
| #define HAVE_STRING_H 1
| #define HAVE_MEMORY_H 1
| #define HAVE_STRINGS_H 1
| #define HAVE_INTTYPES_H 1
| #define HAVE_STDINT_H 1
| #define HAVE_UNISTD_H 1
| #define HAVE_UNISTD_H 1
| #define HAVE_SYS_PARAM_H 1
| #define HAVE_SYS_TIME_H 1
| #define HAVE_TIME_H 1
| #define HAVE_SYS_SYSMACROS_H 1
| #define HAVE_STRING_H 1
| #define HAVE_MEMORY_H 1
| #define HAVE_FCNTL_H 1
| #define HAVE_DIRENT_H 1
| /* end confdefs.h.  */
| #include <stdio.h>
| #if HAVE_SYS_TYPES_H
| # include <sys/types.h>
| #endif
| #if HAVE_SYS_STAT_H
| # include <sys/stat.h>
| #endif
| #if STDC_HEADERS
| # include <stdlib.h>
| # include <stddef.h>
| #else
| # if HAVE_STDLIB_H
| #  include <stdlib.h>
| # endif
| #endif
| #if HAVE_STRING_H
| # if !STDC_HEADERS && HAVE_MEMORY_H
| #  include <memory.h>
| # endif
| # include <string.h>
| #endif
| #if HAVE_STRINGS_H
| # include <strings.h>
| #endif
| #if HAVE_INTTYPES_H
| # include <inttypes.h>
| #else
| # if HAVE_STDINT_H
| #  include <stdint.h>
| # endif
| #endif
| #if HAVE_UNISTD_H
| # include <unistd.h>
| #endif
| #include <ndir.h>
configure:4019: result: no
configure:4023: checking ndir.h presence
configure:4033: gcc -E  conftest.c
conftest.c:33:18: ndir.h: No such file or directory
configure:4039: $? = 1
configure: failed program was:
| /* confdefs.h.  */
| 
| #define PACKAGE_NAME ""
| #define PACKAGE_TARNAME ""
| #define PACKAGE_VERSION ""
| #define PACKAGE_STRING ""
| #define PACKAGE_BUGREPORT ""
| #define PACKAGE "mapper"
| #define VERSION "0.0.1"
| #ifdef __cplusplus
| extern "C" void std::exit (int) throw (); using std::exit;
| #endif
| #define STDC_HEADERS 1
| #define HAVE_SYS_TYPES_H 1
| #define HAVE_SYS_STAT_H 1
| #define HAVE_STDLIB_H 1
| #define HAVE_STRING_H 1
| #define HAVE_MEMORY_H 1
| #define HAVE_STRINGS_H 1
| #define HAVE_INTTYPES_H 1
| #define HAVE_STDINT_H 1
| #define HAVE_UNISTD_H 1
| #define HAVE_UNISTD_H 1
| #define HAVE_SYS_PARAM_H 1
| #define HAVE_SYS_TIME_H 1
| #define HAVE_TIME_H 1
| #define HAVE_SYS_SYSMACROS_H 1
| #define HAVE_STRING_H 1
| #define HAVE_MEMORY_H 1
| #define HAVE_FCNTL_H 1
| #define HAVE_DIRENT_H 1
| /* end confdefs.h.  */
| #include <ndir.h>
configure:4059: result: no
configure:4094: checking for ndir.h
configure:4101: result: no
configure:3978: checking alloca.h usability
configure:3990: gcc -c -g -O2  conftest.c >&5
configure:3996: $? = 0
configure:4000: test -z 
			 || test ! -s conftest.err
configure:4003: $? = 0
configure:4006: test -s conftest.o
configure:4009: $? = 0
configure:4019: result: yes
configure:4023: checking alloca.h presence
configure:4033: gcc -E  conftest.c
configure:4039: $? = 0
configure:4059: result: yes
configure:4094: checking for alloca.h
configure:4101: result: yes
configure:3978: checking locale.h usability
configure:3990: gcc -c -g -O2  conftest.c >&5
configure:3996: $? = 0
configure:4000: test -z 
			 || test ! -s conftest.err
configure:4003: $? = 0
configure:4006: test -s conftest.o
configure:4009: $? = 0
configure:4019: result: yes
configure:4023: checking locale.h presence
configure:4033: gcc -E  conftest.c
configure:4039: $? = 0
configure:4059: result: yes
configure:4094: checking for locale.h
configure:4101: result: yes
configure:4116: checking whether time.h and sys/time.h may both be included
configure:4141: gcc -c -g -O2  conftest.c >&5
configure:4147: $? = 0
configure:4151: test -z 
			 || test ! -s conftest.err
configure:4154: $? = 0
configure:4157: test -s conftest.o
configure:4160: $? = 0
configure:4171: result: yes
configure:4196: checking utime.h usability
configure:4208: gcc -c -g -O2  conftest.c >&5
configure:4214: $? = 0
configure:4218: test -z 
			 || test ! -s conftest.err
configure:4221: $? = 0
configure:4224: test -s conftest.o
configure:4227: $? = 0
configure:4237: result: yes
configure:4241: checking utime.h presence
configure:4251: gcc -E  conftest.c
configure:4257: $? = 0
configure:4277: result: yes
configure:4312: checking for utime.h
configure:4319: result: yes
configure:4333: checking for struct utimbuf
configure:4368: gcc -c -g -O2  conftest.c >&5
configure:4374: $? = 0
configure:4378: test -z 
			 || test ! -s conftest.err
configure:4381: $? = 0
configure:4384: test -s conftest.o
configure:4387: $? = 0
configure:4399: result: yes
configure:4410: checking whether sys/types.h defines makedev
configure:4431: gcc -o conftest -g -O2   conftest.c  >&5
configure:4437: $? = 0
configure:4441: test -z 
			 || test ! -s conftest.err
configure:4444: $? = 0
configure:4447: test -s conftest
configure:4450: $? = 0
configure:4463: result: yes
configure:4766: checking for working alloca.h
configure:4787: gcc -o conftest -g -O2   conftest.c  >&5
configure:4793: $? = 0
configure:4797: test -z 
			 || test ! -s conftest.err
configure:4800: $? = 0
configure:4803: test -s conftest
configure:4806: $? = 0
configure:4818: result: yes
configure:4828: checking for alloca
configure:4869: gcc -o conftest -g -O2   conftest.c  >&5
configure:4875: $? = 0
configure:4879: test -z 
			 || test ! -s conftest.err
configure:4882: $? = 0
configure:4885: test -s conftest
configure:4888: $? = 0
configure:4900: result: yes
configure:5123: checking whether struct tm is in sys/time.h or time.h
configure:5146: gcc -c -g -O2  conftest.c >&5
configure:5152: $? = 0
configure:5156: test -z 
			 || test ! -s conftest.err
configure:5159: $? = 0
configure:5162: test -s conftest.o
configure:5165: $? = 0
configure:5176: result: time.h
configure:5186: checking for struct stat.st_blocks
configure:5209: gcc -c -g -O2  conftest.c >&5
configure:5215: $? = 0
configure:5219: test -z 
			 || test ! -s conftest.err
configure:5222: $? = 0
configure:5225: test -s conftest.o
configure:5228: $? = 0
configure:5285: result: yes
configure:5318: checking for dirent.h that defines DIR
configure:5342: gcc -c -g -O2  conftest.c >&5
configure:5348: $? = 0
configure:5352: test -z 
			 || test ! -s conftest.err
configure:5355: $? = 0
configure:5358: test -s conftest.o
configure:5361: $? = 0
configure:5372: result: yes
configure:5385: checking for library containing opendir
configure:5415: gcc -o conftest -g -O2   conftest.c  >&5
configure:5421: $? = 0
configure:5425: test -z 
			 || test ! -s conftest.err
configure:5428: $? = 0
configure:5431: test -s conftest
configure:5434: $? = 0
configure:5504: result: none required
configure:5640: checking whether closedir returns void
configure:5669: gcc -o conftest -g -O2   conftest.c  >&5
configure:5672: $? = 0
configure:5674: ./conftest
configure:5677: $? = 0
configure:5691: result: no
configure:5705: checking for mkfifo
configure:5762: gcc -o conftest -g -O2   conftest.c  >&5
configure:5768: $? = 0
configure:5772: test -z 
			 || test ! -s conftest.err
configure:5775: $? = 0
configure:5778: test -s conftest
configure:5781: $? = 0
configure:5793: result: yes
configure:5803: checking for mknod
configure:5860: gcc -o conftest -g -O2   conftest.c  >&5
configure:5866: $? = 0
configure:5870: test -z 
			 || test ! -s conftest.err
configure:5873: $? = 0
configure:5876: test -s conftest
configure:5879: $? = 0
configure:5891: result: yes
configure:6014: creating ./config.status

## ---------------- ##
## Cache variables. ##
## ---------------- ##

ac_cv_build=i686-pc-linux-gnu
ac_cv_build_alias=i686-pc-linux-gnu
ac_cv_c_compiler_gnu=yes
ac_cv_cxx_compiler_gnu=yes
ac_cv_env_CC_set=
ac_cv_env_CC_value=
ac_cv_env_CFLAGS_set=
ac_cv_env_CFLAGS_value=
ac_cv_env_CPPFLAGS_set=
ac_cv_env_CPPFLAGS_value=
ac_cv_env_CPP_set=
ac_cv_env_CPP_value=
ac_cv_env_CXXFLAGS_set=
ac_cv_env_CXXFLAGS_value=
ac_cv_env_CXX_set=
ac_cv_env_CXX_value=
ac_cv_env_LDFLAGS_set=
ac_cv_env_LDFLAGS_value=
ac_cv_env_build_alias_set=
ac_cv_env_build_alias_value=
ac_cv_env_host_alias_set=
ac_cv_env_host_alias_value=
ac_cv_env_target_alias_set=
ac_cv_env_target_alias_value=
ac_cv_exeext=
ac_cv_func_alloca_works=yes
ac_cv_func_closedir_void=no
ac_cv_func_mkfifo=yes
ac_cv_func_mknod=yes
ac_cv_header_alloca_h=yes
ac_cv_header_dirent_dirent_h=yes
ac_cv_header_dirent_h=yes
ac_cv_header_fcntl_h=yes
ac_cv_header_inttypes_h=yes
ac_cv_header_locale_h=yes
ac_cv_header_memory_h=yes
ac_cv_header_ndir_h=no
ac_cv_header_stdc=yes
ac_cv_header_stdint_h=yes
ac_cv_header_stdlib_h=yes
ac_cv_header_string_h=yes
ac_cv_header_strings_h=yes
ac_cv_header_sys_mkdev_h=no
ac_cv_header_sys_ndir_h=no
ac_cv_header_sys_param_h=yes
ac_cv_header_sys_stat_h=yes
ac_cv_header_sys_sysmacros_h=yes
ac_cv_header_sys_time_h=yes
ac_cv_header_sys_types_h=yes
ac_cv_header_sys_types_h_makedev=yes
ac_cv_header_time=yes
ac_cv_header_time_h=yes
ac_cv_header_unistd_h=yes
ac_cv_header_utime_h=yes
ac_cv_host=i686-pc-linux-gnu
ac_cv_host_alias=i686-pc-linux-gnu
ac_cv_member_struct_stat_st_blocks=yes
ac_cv_objext=o
ac_cv_path_install='/usr/bin/ginstall -c'
ac_cv_prog_AWK=gawk
ac_cv_prog_CPP='gcc -E'
ac_cv_prog_ac_ct_CC=gcc
ac_cv_prog_ac_ct_CXX=g++
ac_cv_prog_cc_g=yes
ac_cv_prog_cc_stdc=
ac_cv_prog_cxx_g=yes
ac_cv_prog_egrep='grep -E'
ac_cv_prog_make_make_set=yes
ac_cv_search_opendir='none required'
ac_cv_struct_tm=time.h
ac_cv_working_alloca_h=yes
am_cv_CC_dependencies_compiler_type=gcc3
am_cv_CXX_dependencies_compiler_type=gcc3
fu_cv_sys_struct_utimbuf=yes

## ----------------- ##
## Output variables. ##
## ----------------- ##

ACLOCAL='${SHELL} /home/io/progetti/veggente/trunk/mapper/missing --run aclocal-1.9'
ALLOCA=''
AMDEPBACKSLASH='\'
AMDEP_FALSE='#'
AMDEP_TRUE=''
AMTAR='${SHELL} /home/io/progetti/veggente/trunk/mapper/missing --run tar'
AUTOCONF='${SHELL} /home/io/progetti/veggente/trunk/mapper/missing --run autoconf'
AUTOHEADER='${SHELL} /home/io/progetti/veggente/trunk/mapper/missing --run autoheader'
AUTOMAKE='${SHELL} /home/io/progetti/veggente/trunk/mapper/missing --run automake-1.9'
AWK='gawk'
CC='gcc'
CCDEPMODE='depmode=gcc3'
CFLAGS='-g -O2'
CPP='gcc -E'
CPPFLAGS=''
CXX='g++'
CXXDEPMODE='depmode=gcc3'
CXXFLAGS='-g -O2'
CYGPATH_W='echo'
DEFS='-DHAVE_CONFIG_H'
DEPDIR='.deps'
ECHO_C=''
ECHO_N='-n'
ECHO_T=''
EGREP='grep -E'
EXEEXT=''
INSTALL_DATA='${INSTALL} -m 644'
INSTALL_PROGRAM='${INSTALL}'
INSTALL_SCRIPT='${INSTALL}'
INSTALL_STRIP_PROGRAM='${SHELL} $(install_sh) -c -s'
ISODATE='2006-02-10'
LDFLAGS=''
LIBOBJS=''
LIBS=''
LTLIBOBJS=''
MAKEINFO='${SHELL} /home/io/progetti/veggente/trunk/mapper/missing --run makeinfo'
OBJEXT='o'
PACKAGE='mapper'
PACKAGE_BUGREPORT=''
PACKAGE_NAME=''
PACKAGE_STRING=''
PACKAGE_TARNAME=''
PACKAGE_VERSION=''
PATH_SEPARATOR=':'
SET_MAKE=''
SHELL='/bin/sh'
STRIP=''
VERSION='0.0.1'
ac_ct_CC='gcc'
ac_ct_CXX='g++'
ac_ct_STRIP=''
am__fastdepCC_FALSE='#'
am__fastdepCC_TRUE=''
am__fastdepCXX_FALSE='#'
am__fastdepCXX_TRUE=''
am__include='include'
am__leading_dot='.'
am__quote=''
am__tar='${AMTAR} chof - "$$tardir"'
am__untar='${AMTAR} xf -'
bindir='${exec_prefix}/bin'
build='i686-pc-linux-gnu'
build_alias=''
build_cpu='i686'
build_os='linux-gnu'
build_vendor='pc'
datadir='${prefix}/share'
exec_prefix='${prefix}'
host='i686-pc-linux-gnu'
host_alias=''
host_cpu='i686'
host_os='linux-gnu'
host_vendor='pc'
includedir='${prefix}/include'
infodir='${prefix}/info'
install_sh='/home/io/progetti/veggente/trunk/mapper/install-sh'
libdir='${exec_prefix}/lib'
libexecdir='${exec_prefix}/libexec'
localstatedir='${prefix}/var'
mandir='${prefix}/man'
mkdir_p='mkdir -p --'
oldincludedir='/usr/include'
prefix='/usr/local'
program_transform_name='s,x,x,'
sbindir='${exec_prefix}/sbin'
sharedstatedir='${prefix}/com'
sysconfdir='${prefix}/etc'
target_alias=''

## ----------- ##
## confdefs.h. ##
## ----------- ##

#define HAVE_ALLOCA 1
#define HAVE_ALLOCA_H 1
#define HAVE_ALLOCA_H 1
#define HAVE_DIRENT_H 1
#define HAVE_DIRENT_H 1
#define HAVE_FCNTL_H 1
#define HAVE_INTTYPES_H 1
#define HAVE_LOCALE_H 1
#define HAVE_MEMORY_H 1
#define HAVE_MEMORY_H 1
#define HAVE_MKFIFO 1
#define HAVE_STDINT_H 1
#define HAVE_STDLIB_H 1
#define HAVE_STRINGS_H 1
#define HAVE_STRING_H 1
#define HAVE_STRING_H 1
#define HAVE_STRUCT_STAT_ST_BLOCKS 1
#define HAVE_STRUCT_UTIMBUF 1
#define HAVE_ST_BLOCKS 1
#define HAVE_SYS_PARAM_H 1
#define HAVE_SYS_STAT_H 1
#define HAVE_SYS_SYSMACROS_H 1
#define HAVE_SYS_TIME_H 1
#define HAVE_SYS_TYPES_H 1
#define HAVE_TIME_H 1
#define HAVE_UNISTD_H 1
#define HAVE_UNISTD_H 1
#define HAVE_UTIME_H 1
#define PACKAGE "mapper"
#define PACKAGE_BUGREPORT ""
#define PACKAGE_NAME ""
#define PACKAGE_STRING ""
#define PACKAGE_TARNAME ""
#define PACKAGE_VERSION ""
#define STDC_HEADERS 1
#define TIME_WITH_SYS_TIME 1
#define VERSION "0.0.1"
#endif
#ifdef __cplusplus
extern "C" void std::exit (int) throw (); using std::exit;

configure: exit 0

## ---------------------- ##
## Running config.status. ##
## ---------------------- ##

This file was extended by config.status, which was
generated by GNU Autoconf 2.59.  Invocation command line was

  CONFIG_FILES    = 
  CONFIG_HEADERS  = 
  CONFIG_LINKS    = 
  CONFIG_COMMANDS = 
  $ ./config.status 

on ares

config.status:708: creating Makefile
config.status:708: creating src/Makefile
config.status:708: creating mapper.lsm
config.status:708: creating mapper.spec
config.status:812: creating config.h
config.status:956: config.h is unchanged
config.status:1136: executing depfiles commands

## ---------------------- ##
## Running config.status. ##
## ---------------------- ##

This file was extended by config.status, which was
generated by GNU Autoconf 2.59.  Invocation command line was

  CONFIG_FILES    = 
  CONFIG_HEADERS  = 
  CONFIG_LINKS    = 
  CONFIG_COMMANDS = 
  $ ./config.status config.h

on ares

config.status:812: creating config.h
config.status:956: config.h is unchanged
